#
# There is insufficient memory for the Java Runtime Environment to continue.
# Native memory allocation (mmap) failed to map 257949696 bytes for G1 virtual space
# Possible reasons:
#   The system is out of physical RAM or swap space
#   The process is running with CompressedOops enabled, and the Java Heap may be blocking the growth of the native heap
# Possible solutions:
#   Reduce memory load on the system
#   Increase physical memory or swap space
#   Check if swap backing store is full
#   Decrease Java heap size (-Xmx/-Xms)
#   Decrease number of Java threads
#   Decrease Java thread stack sizes (-Xss)
#   Set larger code cache with -XX:ReservedCodeCacheSize=
#   JVM is running with Zero Based Compressed Oops mode in which the Java heap is
#     placed in the first 32GB address space. The Java Heap base address is the
#     maximum limit for the native heap growth. Please use -XX:HeapBaseMinAddress
#     to set the Java Heap base and to place the Java Heap above 32GB virtual address.
# This output file may be truncated or incomplete.
#
#  Out of Memory Error (os_windows.cpp:3536), pid=26936, tid=41848
#
# JRE version:  (19.0.2+7) (build )
# Java VM: Java HotSpot(TM) 64-Bit Server VM (19.0.2+7-44, mixed mode, sharing, tiered, compressed oops, compressed class ptrs, g1 gc, windows-amd64)
# No core dump will be written. Minidumps are not enabled by default on client versions of Windows
#

---------------  S U M M A R Y ------------

Command Line: -Dfile.encoding=UTF-8 --module-path=C:\Users\sangy\OneDrive\Documents\NetBeansProjects\Library Management System\build\classes library.management.system.Home

Host: AMD Ryzen 5 5600U with Radeon Graphics         , 12 cores, 15G,  Windows 11 , 64 bit Build 22621 (10.0.22621.1194)
Time: Wed Mar 15 17:25:32 2023 India Standard Time elapsed time: 0.011392 seconds (0d 0h 0m 0s)

---------------  T H R E A D  ---------------

Current thread (0x0000020431b76fd0):  JavaThread "Unknown thread" [_thread_in_vm, id=41848, stack(0x000000a94de00000,0x000000a94df00000)]

Stack: [0x000000a94de00000,0x000000a94df00000]
Native frames: (J=compiled Java code, j=interpreted, Vv=VM code, C=native code)
V  [jvm.dll+0x6ee21a]
V  [jvm.dll+0x85765e]
V  [jvm.dll+0x85904e]
V  [jvm.dll+0x859703]
V  [jvm.dll+0x28298f]
V  [jvm.dll+0x6eb009]
V  [jvm.dll+0x6dfbaa]
V  [jvm.dll+0x3573f6]
V  [jvm.dll+0x35ee56]
V  [jvm.dll+0x3b541e]
V  [jvm.dll+0x3b564f]
V  [jvm.dll+0x32c9ea]
V  [jvm.dll+0x32d89e]
V  [jvm.dll+0x821780]
V  [jvm.dll+0x3c2661]
V  [jvm.dll+0x801f51]
V  [jvm.dll+0x44ae8f]
V  [jvm.dll+0x44c811]
C  [jli.dll+0x5287]
C  [ucrtbase.dll+0x29363]
C  [KERNEL32.DLL+0x126bd]
C  [ntdll.dll+0x5dfb8]


---------------  P R O C E S S  ---------------

Threads class SMR info:
_java_thread_list=0x00007ffe113ed048, length=0, elements={
}

Java Threads: ( => current thread )

Other Threads:
  0x0000020431be82e0 WorkerThread "GC Thread#0" [stack: 0x000000a94df00000,0x000000a94e000000] [id=21648]
  0x0000020431bf89d0 ConcurrentGCThread "G1 Main Marker" [stack: 0x000000a94e000000,0x000000a94e100000] [id=35584]
  0x0000020431bf9aa0 WorkerThread "G1 Conc#0" [stack: 0x000000a94e100000,0x000000a94e200000] [id=25520]

[error occurred during error reporting (printing all threads), id 0xc0000005, EXCEPTION_ACCESS_VIOLATION (0xc0000005) at pc=0x00007ffe10bad427]

VM state: not at safepoint (not fully initialized)

VM Mutex/Monitor currently owned by a thread:  ([mutex/lock_event])
[0x0000020431b74410] Heap_lock - owner thread: 0x0000020431b76fd0

Heap address: 0x000000070a600000, size: 3930 MB, Compressed Oops mode: Zero based, Oop shift amount: 3

CDS archive(s) mapped at: [0x0000000000000000-0x0000000000000000-0x0000000000000000), size 0, SharedBaseAddress: 0x0000000800000000, ArchiveRelocationMode: 0.
Narrow klass base: 0x0000000000000000, Narrow klass shift: 0, Narrow klass range: 0x0

GC Precious Log:
 CardTable entry size: 512
 Card Set container configuration: InlinePtr #cards 4 size 8 Array Of Cards #cards 16 size 48 Howl #buckets 8 coarsen threshold 3686 Howl Bitmap #cards 512 size 80 coarsen threshold 460 Card regions per heap region 1 cards per card region 4096

Heap:
 garbage-first heap   total 0K, used 0K [0x000000070a600000, 0x0000000800000000)
  region size 2048K, 0 young (0K), 0 survivors (0K)

[error occurred during error reporting (printing heap information), id 0xc0000005, EXCEPTION_ACCESS_VIOLATION (0xc0000005) at pc=0x00007ffe10fb6649]

GC Heap History (0 events):
No events

Dll operation events (1 events):
Event: 0.007 Loaded shared library C:\Program Files\Java\jdk-19\bin\java.dll

Deoptimization events (0 events):
No events

Classes loaded (0 events):
No events

Classes unloaded (0 events):
No events

Classes redefined (0 events):
No events

Internal exceptions (0 events):
No events

VM Operations (0 events):
No events

Events (0 events):
No events


Dynamic libraries:
0x00007ff6020f0000 - 0x00007ff602100000 	C:\Program Files\Java\jdk-19\bin\java.exe
0x00007ffe62550000 - 0x00007ffe62764000 	C:\WINDOWS\SYSTEM32\ntdll.dll
0x00007ffe61f60000 - 0x00007ffe62023000 	C:\WINDOWS\System32\KERNEL32.DLL
0x00007ffe5f990000 - 0x00007ffe5fd2c000 	C:\WINDOWS\System32\KERNELBASE.dll
0x00007ffe60240000 - 0x00007ffe60351000 	C:\WINDOWS\System32\ucrtbase.dll
0x00007ffe4db60000 - 0x00007ffe4db78000 	C:\Program Files\Java\jdk-19\bin\jli.dll
0x00007ffe5a590000 - 0x00007ffe5a5ab000 	C:\Program Files\Java\jdk-19\bin\VCRUNTIME140.dll
0x00007ffe60840000 - 0x00007ffe608ee000 	C:\WINDOWS\System32\ADVAPI32.dll
0x00007ffe61ae0000 - 0x00007ffe61b87000 	C:\WINDOWS\System32\msvcrt.dll
0x00007ffe623b0000 - 0x00007ffe62454000 	C:\WINDOWS\System32\sechost.dll
0x00007ffe60720000 - 0x00007ffe60835000 	C:\WINDOWS\System32\RPCRT4.dll
0x00007ffe61ca0000 - 0x00007ffe61e4d000 	C:\WINDOWS\System32\USER32.dll
0x00007ffe5fd30000 - 0x00007ffe5fd56000 	C:\WINDOWS\System32\win32u.dll
0x00007ffe624e0000 - 0x00007ffe62509000 	C:\WINDOWS\System32\GDI32.dll
0x00007ffe440c0000 - 0x00007ffe4434e000 	C:\WINDOWS\WinSxS\amd64_microsoft.windows.common-controls_6595b64144ccf1df_6.0.22621.608_none_a9444ca7c10bb01d\COMCTL32.dll
0x00007ffe5fe70000 - 0x00007ffe5ff82000 	C:\WINDOWS\System32\gdi32full.dll
0x00007ffe5fdd0000 - 0x00007ffe5fe6a000 	C:\WINDOWS\System32\msvcp_win.dll
0x00007ffe55f50000 - 0x00007ffe55f5a000 	C:\WINDOWS\SYSTEM32\VERSION.dll
0x00007ffe621d0000 - 0x00007ffe62202000 	C:\WINDOWS\System32\IMM32.DLL
0x00007ffe4b320000 - 0x00007ffe4b32c000 	C:\Program Files\Java\jdk-19\bin\vcruntime140_1.dll
0x00007ffe467b0000 - 0x00007ffe4683e000 	C:\Program Files\Java\jdk-19\bin\msvcp140.dll
0x00007ffe10870000 - 0x00007ffe11530000 	C:\Program Files\Java\jdk-19\bin\server\jvm.dll
0x00007ffe587c0000 - 0x00007ffe587c9000 	C:\WINDOWS\SYSTEM32\WSOCK32.dll
0x00007ffe584b0000 - 0x00007ffe584e4000 	C:\WINDOWS\SYSTEM32\WINMM.dll
0x00007ffe62460000 - 0x00007ffe624d1000 	C:\WINDOWS\System32\WS2_32.dll
0x00007ffe5e9e0000 - 0x00007ffe5e9f8000 	C:\WINDOWS\SYSTEM32\kernel.appcore.dll
0x00007ffe4a730000 - 0x00007ffe4a73a000 	C:\Program Files\Java\jdk-19\bin\jimage.dll
0x00007ffe5d410000 - 0x00007ffe5d63e000 	C:\WINDOWS\SYSTEM32\DBGHELP.DLL
0x00007ffe60380000 - 0x00007ffe6070a000 	C:\WINDOWS\System32\combase.dll
0x00007ffe61270000 - 0x00007ffe61347000 	C:\WINDOWS\System32\OLEAUT32.dll
0x00007ffe43a20000 - 0x00007ffe43a52000 	C:\WINDOWS\SYSTEM32\dbgcore.DLL
0x00007ffe60100000 - 0x00007ffe6017b000 	C:\WINDOWS\System32\bcryptPrimitives.dll
0x00007ffe4b2b0000 - 0x00007ffe4b2d6000 	C:\Program Files\Java\jdk-19\bin\java.dll

dbghelp: loaded successfully - version: 4.0.5 - missing functions: none
symbol engine: initialized successfully - sym options: 0x614 - pdb path: .;C:\Program Files\Java\jdk-19\bin;C:\WINDOWS\SYSTEM32;C:\WINDOWS\WinSxS\amd64_microsoft.windows.common-controls_6595b64144ccf1df_6.0.22621.608_none_a9444ca7c10bb01d;C:\Program Files\Java\jdk-19\bin\server

VM Arguments:
jvm_args: -Dfile.encoding=UTF-8 --module-path=C:\Users\sangy\OneDrive\Documents\NetBeansProjects\Library Management System\build\classes 
java_command: library.management.system.Home
java_class_path (initial): C:\Users\sangy\Downloads;C:\Users\sangy\Downloads\mysql-connector-java-8.0.28.jar;C:\Users\sangy\OneDrive\Documents\NetBeansProjects\Library Management System\build\classes
Launcher Type: SUN_STANDARD

[Global flags]
     intx CICompilerCount                          = 4                                         {product} {ergonomic}
     uint ConcGCThreads                            = 3                                         {product} {ergonomic}
     uint G1ConcRefinementThreads                  = 10                                        {product} {ergonomic}
   size_t G1HeapRegionSize                         = 2097152                                   {product} {ergonomic}
    uintx GCDrainStackTargetSize                   = 64                                        {product} {ergonomic}
   size_t InitialHeapSize                          = 257949696                                 {product} {ergonomic}
   size_t MarkStackSize                            = 4194304                                   {product} {ergonomic}
   size_t MaxHeapSize                              = 4120903680                                {product} {ergonomic}
   size_t MinHeapDeltaBytes                        = 2097152                                   {product} {ergonomic}
   size_t MinHeapSize                              = 8388608                                   {product} {ergonomic}
    uintx NonNMethodCodeHeapSize                   = 5839372                                {pd product} {ergonomic}
    uintx NonProfiledCodeHeapSize                  = 122909434                              {pd product} {ergonomic}
    uintx ProfiledCodeHeapSize                     = 122909434                              {pd product} {ergonomic}
    uintx ReservedCodeCacheSize                    = 251658240                              {pd product} {ergonomic}
     bool SegmentedCodeCache                       = true                                      {product} {ergonomic}
   size_t SoftMaxHeapSize                          = 4120903680                             {manageable} {ergonomic}
     bool UseCompressedClassPointers               = true                           {product lp64_product} {ergonomic}
     bool UseCompressedOops                        = true                           {product lp64_product} {ergonomic}
     bool UseG1GC                                  = true                                      {product} {ergonomic}
     bool UseLargePagesIndividualAllocation        = false                                  {pd product} {ergonomic}

Logging:
Log output configuration:
 #0: stdout all=warning uptime,level,tags foldmultilines=false
 #1: stderr all=off uptime,level,tags foldmultilines=false

Environment Variables:
PATH=C:\app\sangy\product\18.0.0\dbhomeXE\bin;C:\Program Files\Common Files\Oracle\Java\javapath;C:\Program Files (x86)\Common Files\Oracle\Java\javapath;C:\WINDOWS\system32;C:\WINDOWS;C:\WINDOWS\System32\Wbem;C:\WINDOWS\System32\WindowsPowerShell\v1.0\;C:\WINDOWS\System32\OpenSSH\;C:\mingw-w64\mingw32\bin;C:\Program Files\nodejs\;C:\Users\sangy\AppData\Local\Programs\Python\Python310\Scripts\;C:\Users\sangy\AppData\Local\Programs\Python\Python310\;C:\Users\sangy\AppData\Local\Microsoft\WindowsApps;C:\Users\sangy\AppData\Roaming\npm;C:\Users\sangy\AppData\Local\Programs\Microsoft VS Code\bin
USERNAME=sangy
OS=Windows_NT
PROCESSOR_IDENTIFIER=AMD64 Family 25 Model 80 Stepping 0, AuthenticAMD
TMP=C:\Users\sangy\AppData\Local\Temp
TEMP=C:\Users\sangy\AppData\Local\Temp



---------------  S Y S T E M  ---------------

OS:
 Windows 11 , 64 bit Build 22621 (10.0.22621.1194)
OS uptime: 1 days 17:59 hours

CPU: total 12 (initial active 12) (12 cores per cpu, 2 threads per core) family 25 model 80 stepping 0 microcode 0x0, cx8, cmov, fxsr, ht, mmx, 3dnowpref, sse, sse2, sse3, ssse3, sse4a, sse4.1, sse4.2, popcnt, lzcnt, tsc, tscinvbit, avx, avx2, aes, erms, clmul, bmi1, bmi2, adx, sha, fma, vzeroupper, clflush, clflushopt, rdtscp, rdpid, fsrm

Memory: 4k page, system-wide physical 15717M (2798M free)
TotalPageFile size 64869M (AvailPageFile size 99M)
current process WorkingSet (physical memory assigned to process): 11M, peak: 11M
current process commit charge ("private bytes"): 64M, peak: 310M

vm_info: Java HotSpot(TM) 64-Bit Server VM (19.0.2+7-44) for windows-amd64 JRE (19.0.2+7-44), built on 2022-11-30T18:02:09Z by "mach5one" with MS VC++ 17.1 (VS2022)

END.
