#
# There is insufficient memory for the Java Runtime Environment to continue.
# Native memory allocation (malloc) failed to allocate 59136 bytes for Chunk::new
# Possible reasons:
#   The system is out of physical RAM or swap space
#   The process is running with CompressedOops enabled, and the Java Heap may be blocking the growth of the native heap
# Possible solutions:
#   Reduce memory load on the system
#   Increase physical memory or swap space
#   Check if swap backing store is full
#   Decrease Java heap size (-Xmx/-Xms)
#   Decrease number of Java threads
#   Decrease Java thread stack sizes (-Xss)
#   Set larger code cache with -XX:ReservedCodeCacheSize=
#   JVM is running with Zero Based Compressed Oops mode in which the Java heap is
#     placed in the first 32GB address space. The Java Heap base address is the
#     maximum limit for the native heap growth. Please use -XX:HeapBaseMinAddress
#     to set the Java Heap base and to place the Java Heap above 32GB virtual address.
# This output file may be truncated or incomplete.
#
#  Out of Memory Error (arena.cpp:184), pid=13240, tid=43348
#
# JRE version: Java(TM) SE Runtime Environment (19.0.2+7) (build 19.0.2+7-44)
# Java VM: Java HotSpot(TM) 64-Bit Server VM (19.0.2+7-44, mixed mode, sharing, tiered, compressed oops, compressed class ptrs, g1 gc, windows-amd64)
# No core dump will be written. Minidumps are not enabled by default on client versions of Windows
#

---------------  S U M M A R Y ------------

Command Line: -Dfile.encoding=UTF-8 --module-path=C:\Users\sangy\OneDrive\Documents\NetBeansProjects\Library Management System\build\classes library.management.system.AddStudent

Host: AMD Ryzen 5 5600U with Radeon Graphics         , 12 cores, 15G,  Windows 11 , 64 bit Build 22621 (10.0.22621.1194)
Time: Wed Mar 15 20:50:30 2023 India Standard Time elapsed time: 0.791229 seconds (0d 0h 0m 0s)

---------------  T H R E A D  ---------------

Current thread (0x0000023eaf2c78a0):  JavaThread "main" [_thread_in_vm, id=43348, stack(0x0000008d17400000,0x0000008d17500000)]

Stack: [0x0000008d17400000,0x0000008d17500000]
Native frames: (J=compiled Java code, j=interpreted, Vv=VM code, C=native code)
V  [jvm.dll+0x6ee21a]
V  [jvm.dll+0x85765e]
V  [jvm.dll+0x85904e]
V  [jvm.dll+0x859703]
V  [jvm.dll+0x28298f]
V  [jvm.dll+0xc9adf]
V  [jvm.dll+0xc9e65]
V  [jvm.dll+0x226848]
V  [jvm.dll+0x225686]
V  [jvm.dll+0x7cc802]
V  [jvm.dll+0x7cdc4a]
V  [jvm.dll+0x7ce3cd]
V  [jvm.dll+0x21f315]
V  [jvm.dll+0x2146ba]
V  [jvm.dll+0x5a9cb6]
V  [jvm.dll+0x2257aa]
V  [jvm.dll+0x7cc802]
V  [jvm.dll+0x7cdc4a]
V  [jvm.dll+0x7cdf78]
V  [jvm.dll+0x271e1b]
V  [jvm.dll+0x3da25e]
C  0x0000023ebe78d33d

Java frames: (J=compiled Java code, j=interpreted, Vv=VM code)
j  javax.swing.UIManager.setLookAndFeel(Ljava/lang/String;)V+9 java.desktop@19.0.2
j  javax.swing.UIManager.initializeDefaultLAF(Ljava/util/Properties;)V+58 java.desktop@19.0.2
j  javax.swing.UIManager.initialize()V+9 java.desktop@19.0.2
j  javax.swing.UIManager.maybeInitialize()V+22 java.desktop@19.0.2
j  javax.swing.UIManager.getUI(Ljavax/swing/JComponent;)Ljavax/swing/plaf/ComponentUI;+0 java.desktop@19.0.2
j  javax.swing.JPanel.updateUI()V+2 java.desktop@19.0.2
j  javax.swing.JPanel.<init>(Ljava/awt/LayoutManager;Z)V+24 java.desktop@19.0.2
j  javax.swing.JPanel.<init>(Z)V+9 java.desktop@19.0.2
j  javax.swing.JPanel.<init>()V+2 java.desktop@19.0.2
j  javax.swing.JRootPane.createGlassPane()Ljava/awt/Component;+4 java.desktop@19.0.2
j  javax.swing.JRootPane.<init>()V+11 java.desktop@19.0.2
j  javax.swing.JFrame.createRootPane()Ljavax/swing/JRootPane;+4 java.desktop@19.0.2
j  javax.swing.JFrame.frameInit()V+16 java.desktop@19.0.2
j  javax.swing.JFrame.<init>()V+20 java.desktop@19.0.2
j  library.management.system.AddStudent.<init>()V+1
j  library.management.system.AddStudent.main([Ljava/lang/String;)V+4
v  ~StubRoutines::call_stub 0x0000023ebe76100e

---------------  P R O C E S S  ---------------

Threads class SMR info:
_java_thread_list=0x0000023ed6b887d0, length=15, elements={
0x0000023eaf2c78a0, 0x0000023ed25d59c0, 0x0000023ed25d6490, 0x0000023ed25de230,
0x0000023ed25deb60, 0x0000023ed25e1de0, 0x0000023ed25e3ec0, 0x0000023ed25f1ae0,
0x0000023ed2612c00, 0x0000023ed25e6a10, 0x0000023ed68dac20, 0x0000023ed695fd00,
0x0000023ed6b579e0, 0x0000023ed6b5b1f0, 0x0000023ed6b5e600
}

Java Threads: ( => current thread )
=>0x0000023eaf2c78a0 JavaThread "main" [_thread_in_vm, id=43348, stack(0x0000008d17400000,0x0000008d17500000)]
  0x0000023ed25d59c0 JavaThread "Reference Handler" daemon [_thread_blocked, id=37740, stack(0x0000008d17b00000,0x0000008d17c00000)]
  0x0000023ed25d6490 JavaThread "Finalizer" daemon [_thread_blocked, id=39516, stack(0x0000008d17c00000,0x0000008d17d00000)]
  0x0000023ed25de230 JavaThread "Signal Dispatcher" daemon [_thread_blocked, id=37044, stack(0x0000008d17d00000,0x0000008d17e00000)]
  0x0000023ed25deb60 JavaThread "Attach Listener" daemon [_thread_blocked, id=39552, stack(0x0000008d17e00000,0x0000008d17f00000)]
  0x0000023ed25e1de0 JavaThread "Service Thread" daemon [_thread_blocked, id=2280, stack(0x0000008d17f00000,0x0000008d18000000)]
  0x0000023ed25e3ec0 JavaThread "Monitor Deflation Thread" daemon [_thread_blocked, id=12304, stack(0x0000008d18000000,0x0000008d18100000)]
  0x0000023ed25f1ae0 JavaThread "C2 CompilerThread0" daemon [_thread_blocked, id=25964, stack(0x0000008d18100000,0x0000008d18200000)]
  0x0000023ed2612c00 JavaThread "C1 CompilerThread0" daemon [_thread_blocked, id=39908, stack(0x0000008d18200000,0x0000008d18300000)]
  0x0000023ed25e6a10 JavaThread "Sweeper thread" daemon [_thread_blocked, id=17132, stack(0x0000008d18300000,0x0000008d18400000)]
  0x0000023ed68dac20 JavaThread "Common-Cleaner" daemon [_thread_blocked, id=41616, stack(0x0000008d18400000,0x0000008d18500000)]
  0x0000023ed695fd00 JavaThread "Notification Thread" daemon [_thread_blocked, id=8296, stack(0x0000008d18500000,0x0000008d18600000)]
  0x0000023ed6b579e0 JavaThread "Java2D Disposer" daemon [_thread_blocked, id=44836, stack(0x0000008d18800000,0x0000008d18900000)]
  0x0000023ed6b5b1f0 JavaThread "AWT-Shutdown" [_thread_blocked, id=18168, stack(0x0000008d18900000,0x0000008d18a00000)]
  0x0000023ed6b5e600 JavaThread "AWT-Windows" daemon [_thread_in_native, id=42484, stack(0x0000008d18a00000,0x0000008d18b00000)]

Other Threads:
  0x0000023ed25ba4f0 VMThread "VM Thread" [stack: 0x0000008d17a00000,0x0000008d17b00000] [id=4552]
  0x0000023ed69a6310 WatcherThread "VM Periodic Task Thread" [stack: 0x0000008d18600000,0x0000008d18700000] [id=24796]
  0x0000023eaf338ac0 WorkerThread "GC Thread#0" [stack: 0x0000008d17500000,0x0000008d17600000] [id=30820]
  0x0000023eaf3490c0 ConcurrentGCThread "G1 Main Marker" [stack: 0x0000008d17600000,0x0000008d17700000] [id=33088]
  0x0000023eaf34a0a0 WorkerThread "G1 Conc#0" [stack: 0x0000008d17700000,0x0000008d17800000] [id=39772]
  0x0000023ed2478150 ConcurrentGCThread "G1 Refine#0" [stack: 0x0000008d17800000,0x0000008d17900000] [id=16604]
  0x0000023ed2479950 ConcurrentGCThread "G1 Service" [stack: 0x0000008d17900000,0x0000008d17a00000] [id=31060]

Threads with active compile tasks:

VM state: not at safepoint (normal execution)

VM Mutex/Monitor currently owned by a thread: None

Heap address: 0x000000070a600000, size: 3930 MB, Compressed Oops mode: Zero based, Oop shift amount: 3

CDS archive(s) mapped at: [0x0000000800000000-0x0000000800c40000-0x0000000800c40000), size 12845056, SharedBaseAddress: 0x0000000800000000, ArchiveRelocationMode: 0.
Compressed class space mapped at: 0x0000000801000000-0x0000000841000000, reserved size: 1073741824
Narrow klass base: 0x0000000800000000, Narrow klass shift: 0, Narrow klass range: 0x100000000

GC Precious Log:
 CardTable entry size: 512
 Card Set container configuration: InlinePtr #cards 4 size 8 Array Of Cards #cards 16 size 48 Howl #buckets 8 coarsen threshold 3686 Howl Bitmap #cards 512 size 80 coarsen threshold 460 Card regions per heap region 1 cards per card region 4096
 CPUs: 12 total, 12 available
 Memory: 15717M
 Large Page Support: Disabled
 NUMA Support: Disabled
 Compressed Oops: Enabled (Zero based)
 Heap Region Size: 2M
 Heap Min Capacity: 8M
 Heap Initial Capacity: 246M
 Heap Max Capacity: 3930M
 Pre-touch: Disabled
 Parallel Workers: 10
 Concurrent Workers: 3
 Concurrent Refinement Workers: 10
 Periodic GC: Disabled

Heap:
 garbage-first heap   total 251904K, used 4096K [0x000000070a600000, 0x0000000800000000)
  region size 2048K, 3 young (6144K), 0 survivors (0K)
 Metaspace       used 3510K, committed 3648K, reserved 1114112K
  class space    used 332K, committed 384K, reserved 1048576K

Heap Regions: E=young(eden), S=young(survivor), O=old, HS=humongous(starts), HC=humongous(continues), CS=collection set, F=free, OA=open archive, CA=closed archive, TAMS=top-at-mark-start (previous, next)
|   0|0x000000070a600000, 0x000000070a600000, 0x000000070a800000|  0%| F|  |TAMS 0x000000070a600000, 0x000000070a600000| Untracked 
|   1|0x000000070a800000, 0x000000070a800000, 0x000000070aa00000|  0%| F|  |TAMS 0x000000070a800000, 0x000000070a800000| Untracked 
|   2|0x000000070aa00000, 0x000000070aa00000, 0x000000070ac00000|  0%| F|  |TAMS 0x000000070aa00000, 0x000000070aa00000| Untracked 
|   3|0x000000070ac00000, 0x000000070ac00000, 0x000000070ae00000|  0%| F|  |TAMS 0x000000070ac00000, 0x000000070ac00000| Untracked 
|   4|0x000000070ae00000, 0x000000070ae00000, 0x000000070b000000|  0%| F|  |TAMS 0x000000070ae00000, 0x000000070ae00000| Untracked 
|   5|0x000000070b000000, 0x000000070b000000, 0x000000070b200000|  0%| F|  |TAMS 0x000000070b000000, 0x000000070b000000| Untracked 
|   6|0x000000070b200000, 0x000000070b200000, 0x000000070b400000|  0%| F|  |TAMS 0x000000070b200000, 0x000000070b200000| Untracked 
|   7|0x000000070b400000, 0x000000070b400000, 0x000000070b600000|  0%| F|  |TAMS 0x000000070b400000, 0x000000070b400000| Untracked 
|   8|0x000000070b600000, 0x000000070b600000, 0x000000070b800000|  0%| F|  |TAMS 0x000000070b600000, 0x000000070b600000| Untracked 
|   9|0x000000070b800000, 0x000000070b800000, 0x000000070ba00000|  0%| F|  |TAMS 0x000000070b800000, 0x000000070b800000| Untracked 
|  10|0x000000070ba00000, 0x000000070ba00000, 0x000000070bc00000|  0%| F|  |TAMS 0x000000070ba00000, 0x000000070ba00000| Untracked 
|  11|0x000000070bc00000, 0x000000070bc00000, 0x000000070be00000|  0%| F|  |TAMS 0x000000070bc00000, 0x000000070bc00000| Untracked 
|  12|0x000000070be00000, 0x000000070be00000, 0x000000070c000000|  0%| F|  |TAMS 0x000000070be00000, 0x000000070be00000| Untracked 
|  13|0x000000070c000000, 0x000000070c000000, 0x000000070c200000|  0%| F|  |TAMS 0x000000070c000000, 0x000000070c000000| Untracked 
|  14|0x000000070c200000, 0x000000070c200000, 0x000000070c400000|  0%| F|  |TAMS 0x000000070c200000, 0x000000070c200000| Untracked 
|  15|0x000000070c400000, 0x000000070c400000, 0x000000070c600000|  0%| F|  |TAMS 0x000000070c400000, 0x000000070c400000| Untracked 
|  16|0x000000070c600000, 0x000000070c600000, 0x000000070c800000|  0%| F|  |TAMS 0x000000070c600000, 0x000000070c600000| Untracked 
|  17|0x000000070c800000, 0x000000070c800000, 0x000000070ca00000|  0%| F|  |TAMS 0x000000070c800000, 0x000000070c800000| Untracked 
|  18|0x000000070ca00000, 0x000000070ca00000, 0x000000070cc00000|  0%| F|  |TAMS 0x000000070ca00000, 0x000000070ca00000| Untracked 
|  19|0x000000070cc00000, 0x000000070cc00000, 0x000000070ce00000|  0%| F|  |TAMS 0x000000070cc00000, 0x000000070cc00000| Untracked 
|  20|0x000000070ce00000, 0x000000070ce00000, 0x000000070d000000|  0%| F|  |TAMS 0x000000070ce00000, 0x000000070ce00000| Untracked 
|  21|0x000000070d000000, 0x000000070d000000, 0x000000070d200000|  0%| F|  |TAMS 0x000000070d000000, 0x000000070d000000| Untracked 
|  22|0x000000070d200000, 0x000000070d200000, 0x000000070d400000|  0%| F|  |TAMS 0x000000070d200000, 0x000000070d200000| Untracked 
|  23|0x000000070d400000, 0x000000070d400000, 0x000000070d600000|  0%| F|  |TAMS 0x000000070d400000, 0x000000070d400000| Untracked 
|  24|0x000000070d600000, 0x000000070d600000, 0x000000070d800000|  0%| F|  |TAMS 0x000000070d600000, 0x000000070d600000| Untracked 
|  25|0x000000070d800000, 0x000000070d800000, 0x000000070da00000|  0%| F|  |TAMS 0x000000070d800000, 0x000000070d800000| Untracked 
|  26|0x000000070da00000, 0x000000070da00000, 0x000000070dc00000|  0%| F|  |TAMS 0x000000070da00000, 0x000000070da00000| Untracked 
|  27|0x000000070dc00000, 0x000000070dc00000, 0x000000070de00000|  0%| F|  |TAMS 0x000000070dc00000, 0x000000070dc00000| Untracked 
|  28|0x000000070de00000, 0x000000070de00000, 0x000000070e000000|  0%| F|  |TAMS 0x000000070de00000, 0x000000070de00000| Untracked 
|  29|0x000000070e000000, 0x000000070e000000, 0x000000070e200000|  0%| F|  |TAMS 0x000000070e000000, 0x000000070e000000| Untracked 
|  30|0x000000070e200000, 0x000000070e200000, 0x000000070e400000|  0%| F|  |TAMS 0x000000070e200000, 0x000000070e200000| Untracked 
|  31|0x000000070e400000, 0x000000070e400000, 0x000000070e600000|  0%| F|  |TAMS 0x000000070e400000, 0x000000070e400000| Untracked 
|  32|0x000000070e600000, 0x000000070e600000, 0x000000070e800000|  0%| F|  |TAMS 0x000000070e600000, 0x000000070e600000| Untracked 
|  33|0x000000070e800000, 0x000000070e800000, 0x000000070ea00000|  0%| F|  |TAMS 0x000000070e800000, 0x000000070e800000| Untracked 
|  34|0x000000070ea00000, 0x000000070ea00000, 0x000000070ec00000|  0%| F|  |TAMS 0x000000070ea00000, 0x000000070ea00000| Untracked 
|  35|0x000000070ec00000, 0x000000070ec00000, 0x000000070ee00000|  0%| F|  |TAMS 0x000000070ec00000, 0x000000070ec00000| Untracked 
|  36|0x000000070ee00000, 0x000000070ee00000, 0x000000070f000000|  0%| F|  |TAMS 0x000000070ee00000, 0x000000070ee00000| Untracked 
|  37|0x000000070f000000, 0x000000070f000000, 0x000000070f200000|  0%| F|  |TAMS 0x000000070f000000, 0x000000070f000000| Untracked 
|  38|0x000000070f200000, 0x000000070f200000, 0x000000070f400000|  0%| F|  |TAMS 0x000000070f200000, 0x000000070f200000| Untracked 
|  39|0x000000070f400000, 0x000000070f400000, 0x000000070f600000|  0%| F|  |TAMS 0x000000070f400000, 0x000000070f400000| Untracked 
|  40|0x000000070f600000, 0x000000070f600000, 0x000000070f800000|  0%| F|  |TAMS 0x000000070f600000, 0x000000070f600000| Untracked 
|  41|0x000000070f800000, 0x000000070f800000, 0x000000070fa00000|  0%| F|  |TAMS 0x000000070f800000, 0x000000070f800000| Untracked 
|  42|0x000000070fa00000, 0x000000070fa00000, 0x000000070fc00000|  0%| F|  |TAMS 0x000000070fa00000, 0x000000070fa00000| Untracked 
|  43|0x000000070fc00000, 0x000000070fc00000, 0x000000070fe00000|  0%| F|  |TAMS 0x000000070fc00000, 0x000000070fc00000| Untracked 
|  44|0x000000070fe00000, 0x000000070fe00000, 0x0000000710000000|  0%| F|  |TAMS 0x000000070fe00000, 0x000000070fe00000| Untracked 
|  45|0x0000000710000000, 0x0000000710000000, 0x0000000710200000|  0%| F|  |TAMS 0x0000000710000000, 0x0000000710000000| Untracked 
|  46|0x0000000710200000, 0x0000000710200000, 0x0000000710400000|  0%| F|  |TAMS 0x0000000710200000, 0x0000000710200000| Untracked 
|  47|0x0000000710400000, 0x0000000710400000, 0x0000000710600000|  0%| F|  |TAMS 0x0000000710400000, 0x0000000710400000| Untracked 
|  48|0x0000000710600000, 0x0000000710600000, 0x0000000710800000|  0%| F|  |TAMS 0x0000000710600000, 0x0000000710600000| Untracked 
|  49|0x0000000710800000, 0x0000000710800000, 0x0000000710a00000|  0%| F|  |TAMS 0x0000000710800000, 0x0000000710800000| Untracked 
|  50|0x0000000710a00000, 0x0000000710a00000, 0x0000000710c00000|  0%| F|  |TAMS 0x0000000710a00000, 0x0000000710a00000| Untracked 
|  51|0x0000000710c00000, 0x0000000710c00000, 0x0000000710e00000|  0%| F|  |TAMS 0x0000000710c00000, 0x0000000710c00000| Untracked 
|  52|0x0000000710e00000, 0x0000000710e00000, 0x0000000711000000|  0%| F|  |TAMS 0x0000000710e00000, 0x0000000710e00000| Untracked 
|  53|0x0000000711000000, 0x0000000711000000, 0x0000000711200000|  0%| F|  |TAMS 0x0000000711000000, 0x0000000711000000| Untracked 
|  54|0x0000000711200000, 0x0000000711200000, 0x0000000711400000|  0%| F|  |TAMS 0x0000000711200000, 0x0000000711200000| Untracked 
|  55|0x0000000711400000, 0x0000000711400000, 0x0000000711600000|  0%| F|  |TAMS 0x0000000711400000, 0x0000000711400000| Untracked 
|  56|0x0000000711600000, 0x0000000711600000, 0x0000000711800000|  0%| F|  |TAMS 0x0000000711600000, 0x0000000711600000| Untracked 
|  57|0x0000000711800000, 0x0000000711800000, 0x0000000711a00000|  0%| F|  |TAMS 0x0000000711800000, 0x0000000711800000| Untracked 
|  58|0x0000000711a00000, 0x0000000711a00000, 0x0000000711c00000|  0%| F|  |TAMS 0x0000000711a00000, 0x0000000711a00000| Untracked 
|  59|0x0000000711c00000, 0x0000000711c00000, 0x0000000711e00000|  0%| F|  |TAMS 0x0000000711c00000, 0x0000000711c00000| Untracked 
|  60|0x0000000711e00000, 0x0000000711e00000, 0x0000000712000000|  0%| F|  |TAMS 0x0000000711e00000, 0x0000000711e00000| Untracked 
|  61|0x0000000712000000, 0x0000000712000000, 0x0000000712200000|  0%| F|  |TAMS 0x0000000712000000, 0x0000000712000000| Untracked 
|  62|0x0000000712200000, 0x0000000712200000, 0x0000000712400000|  0%| F|  |TAMS 0x0000000712200000, 0x0000000712200000| Untracked 
|  63|0x0000000712400000, 0x0000000712400000, 0x0000000712600000|  0%| F|  |TAMS 0x0000000712400000, 0x0000000712400000| Untracked 
|  64|0x0000000712600000, 0x0000000712600000, 0x0000000712800000|  0%| F|  |TAMS 0x0000000712600000, 0x0000000712600000| Untracked 
|  65|0x0000000712800000, 0x0000000712800000, 0x0000000712a00000|  0%| F|  |TAMS 0x0000000712800000, 0x0000000712800000| Untracked 
|  66|0x0000000712a00000, 0x0000000712a00000, 0x0000000712c00000|  0%| F|  |TAMS 0x0000000712a00000, 0x0000000712a00000| Untracked 
|  67|0x0000000712c00000, 0x0000000712c00000, 0x0000000712e00000|  0%| F|  |TAMS 0x0000000712c00000, 0x0000000712c00000| Untracked 
|  68|0x0000000712e00000, 0x0000000712e00000, 0x0000000713000000|  0%| F|  |TAMS 0x0000000712e00000, 0x0000000712e00000| Untracked 
|  69|0x0000000713000000, 0x0000000713000000, 0x0000000713200000|  0%| F|  |TAMS 0x0000000713000000, 0x0000000713000000| Untracked 
|  70|0x0000000713200000, 0x0000000713200000, 0x0000000713400000|  0%| F|  |TAMS 0x0000000713200000, 0x0000000713200000| Untracked 
|  71|0x0000000713400000, 0x0000000713400000, 0x0000000713600000|  0%| F|  |TAMS 0x0000000713400000, 0x0000000713400000| Untracked 
|  72|0x0000000713600000, 0x0000000713600000, 0x0000000713800000|  0%| F|  |TAMS 0x0000000713600000, 0x0000000713600000| Untracked 
|  73|0x0000000713800000, 0x0000000713800000, 0x0000000713a00000|  0%| F|  |TAMS 0x0000000713800000, 0x0000000713800000| Untracked 
|  74|0x0000000713a00000, 0x0000000713a00000, 0x0000000713c00000|  0%| F|  |TAMS 0x0000000713a00000, 0x0000000713a00000| Untracked 
|  75|0x0000000713c00000, 0x0000000713c00000, 0x0000000713e00000|  0%| F|  |TAMS 0x0000000713c00000, 0x0000000713c00000| Untracked 
|  76|0x0000000713e00000, 0x0000000713e00000, 0x0000000714000000|  0%| F|  |TAMS 0x0000000713e00000, 0x0000000713e00000| Untracked 
|  77|0x0000000714000000, 0x0000000714000000, 0x0000000714200000|  0%| F|  |TAMS 0x0000000714000000, 0x0000000714000000| Untracked 
|  78|0x0000000714200000, 0x0000000714200000, 0x0000000714400000|  0%| F|  |TAMS 0x0000000714200000, 0x0000000714200000| Untracked 
|  79|0x0000000714400000, 0x0000000714400000, 0x0000000714600000|  0%| F|  |TAMS 0x0000000714400000, 0x0000000714400000| Untracked 
|  80|0x0000000714600000, 0x0000000714600000, 0x0000000714800000|  0%| F|  |TAMS 0x0000000714600000, 0x0000000714600000| Untracked 
|  81|0x0000000714800000, 0x0000000714800000, 0x0000000714a00000|  0%| F|  |TAMS 0x0000000714800000, 0x0000000714800000| Untracked 
|  82|0x0000000714a00000, 0x0000000714a00000, 0x0000000714c00000|  0%| F|  |TAMS 0x0000000714a00000, 0x0000000714a00000| Untracked 
|  83|0x0000000714c00000, 0x0000000714c00000, 0x0000000714e00000|  0%| F|  |TAMS 0x0000000714c00000, 0x0000000714c00000| Untracked 
|  84|0x0000000714e00000, 0x0000000714e00000, 0x0000000715000000|  0%| F|  |TAMS 0x0000000714e00000, 0x0000000714e00000| Untracked 
|  85|0x0000000715000000, 0x0000000715000000, 0x0000000715200000|  0%| F|  |TAMS 0x0000000715000000, 0x0000000715000000| Untracked 
|  86|0x0000000715200000, 0x0000000715200000, 0x0000000715400000|  0%| F|  |TAMS 0x0000000715200000, 0x0000000715200000| Untracked 
|  87|0x0000000715400000, 0x0000000715400000, 0x0000000715600000|  0%| F|  |TAMS 0x0000000715400000, 0x0000000715400000| Untracked 
|  88|0x0000000715600000, 0x0000000715600000, 0x0000000715800000|  0%| F|  |TAMS 0x0000000715600000, 0x0000000715600000| Untracked 
|  89|0x0000000715800000, 0x0000000715800000, 0x0000000715a00000|  0%| F|  |TAMS 0x0000000715800000, 0x0000000715800000| Untracked 
|  90|0x0000000715a00000, 0x0000000715a00000, 0x0000000715c00000|  0%| F|  |TAMS 0x0000000715a00000, 0x0000000715a00000| Untracked 
|  91|0x0000000715c00000, 0x0000000715c00000, 0x0000000715e00000|  0%| F|  |TAMS 0x0000000715c00000, 0x0000000715c00000| Untracked 
|  92|0x0000000715e00000, 0x0000000715e00000, 0x0000000716000000|  0%| F|  |TAMS 0x0000000715e00000, 0x0000000715e00000| Untracked 
|  93|0x0000000716000000, 0x0000000716000000, 0x0000000716200000|  0%| F|  |TAMS 0x0000000716000000, 0x0000000716000000| Untracked 
|  94|0x0000000716200000, 0x0000000716200000, 0x0000000716400000|  0%| F|  |TAMS 0x0000000716200000, 0x0000000716200000| Untracked 
|  95|0x0000000716400000, 0x0000000716400000, 0x0000000716600000|  0%| F|  |TAMS 0x0000000716400000, 0x0000000716400000| Untracked 
|  96|0x0000000716600000, 0x0000000716600000, 0x0000000716800000|  0%| F|  |TAMS 0x0000000716600000, 0x0000000716600000| Untracked 
|  97|0x0000000716800000, 0x0000000716800000, 0x0000000716a00000|  0%| F|  |TAMS 0x0000000716800000, 0x0000000716800000| Untracked 
|  98|0x0000000716a00000, 0x0000000716a00000, 0x0000000716c00000|  0%| F|  |TAMS 0x0000000716a00000, 0x0000000716a00000| Untracked 
|  99|0x0000000716c00000, 0x0000000716c00000, 0x0000000716e00000|  0%| F|  |TAMS 0x0000000716c00000, 0x0000000716c00000| Untracked 
| 100|0x0000000716e00000, 0x0000000716e00000, 0x0000000717000000|  0%| F|  |TAMS 0x0000000716e00000, 0x0000000716e00000| Untracked 
| 101|0x0000000717000000, 0x0000000717000000, 0x0000000717200000|  0%| F|  |TAMS 0x0000000717000000, 0x0000000717000000| Untracked 
| 102|0x0000000717200000, 0x0000000717200000, 0x0000000717400000|  0%| F|  |TAMS 0x0000000717200000, 0x0000000717200000| Untracked 
| 103|0x0000000717400000, 0x0000000717400000, 0x0000000717600000|  0%| F|  |TAMS 0x0000000717400000, 0x0000000717400000| Untracked 
| 104|0x0000000717600000, 0x0000000717600000, 0x0000000717800000|  0%| F|  |TAMS 0x0000000717600000, 0x0000000717600000| Untracked 
| 105|0x0000000717800000, 0x0000000717800000, 0x0000000717a00000|  0%| F|  |TAMS 0x0000000717800000, 0x0000000717800000| Untracked 
| 106|0x0000000717a00000, 0x0000000717a00000, 0x0000000717c00000|  0%| F|  |TAMS 0x0000000717a00000, 0x0000000717a00000| Untracked 
| 107|0x0000000717c00000, 0x0000000717c00000, 0x0000000717e00000|  0%| F|  |TAMS 0x0000000717c00000, 0x0000000717c00000| Untracked 
| 108|0x0000000717e00000, 0x0000000717e00000, 0x0000000718000000|  0%| F|  |TAMS 0x0000000717e00000, 0x0000000717e00000| Untracked 
| 109|0x0000000718000000, 0x0000000718000000, 0x0000000718200000|  0%| F|  |TAMS 0x0000000718000000, 0x0000000718000000| Untracked 
| 110|0x0000000718200000, 0x0000000718200000, 0x0000000718400000|  0%| F|  |TAMS 0x0000000718200000, 0x0000000718200000| Untracked 
| 111|0x0000000718400000, 0x0000000718400000, 0x0000000718600000|  0%| F|  |TAMS 0x0000000718400000, 0x0000000718400000| Untracked 
| 112|0x0000000718600000, 0x0000000718600000, 0x0000000718800000|  0%| F|  |TAMS 0x0000000718600000, 0x0000000718600000| Untracked 
| 113|0x0000000718800000, 0x0000000718800000, 0x0000000718a00000|  0%| F|  |TAMS 0x0000000718800000, 0x0000000718800000| Untracked 
| 114|0x0000000718a00000, 0x0000000718a00000, 0x0000000718c00000|  0%| F|  |TAMS 0x0000000718a00000, 0x0000000718a00000| Untracked 
| 115|0x0000000718c00000, 0x0000000718c00000, 0x0000000718e00000|  0%| F|  |TAMS 0x0000000718c00000, 0x0000000718c00000| Untracked 
| 116|0x0000000718e00000, 0x0000000718e00000, 0x0000000719000000|  0%| F|  |TAMS 0x0000000718e00000, 0x0000000718e00000| Untracked 
| 117|0x0000000719000000, 0x0000000719000000, 0x0000000719200000|  0%| F|  |TAMS 0x0000000719000000, 0x0000000719000000| Untracked 
| 118|0x0000000719200000, 0x0000000719200000, 0x0000000719400000|  0%| F|  |TAMS 0x0000000719200000, 0x0000000719200000| Untracked 
| 119|0x0000000719400000, 0x0000000719400000, 0x0000000719600000|  0%| F|  |TAMS 0x0000000719400000, 0x0000000719400000| Untracked 
| 120|0x0000000719600000, 0x0000000719752728, 0x0000000719800000| 66%| E|  |TAMS 0x0000000719600000, 0x0000000719600000| Complete 
| 121|0x0000000719800000, 0x0000000719a00000, 0x0000000719a00000|100%| E|CS|TAMS 0x0000000719800000, 0x0000000719800000| Complete 
| 122|0x0000000719a00000, 0x0000000719c00000, 0x0000000719c00000|100%| E|CS|TAMS 0x0000000719a00000, 0x0000000719a00000| Complete 

Card table byte_map: [0x0000023ec6f40000,0x0000023ec76f0000] _byte_map_base: 0x0000023ec36ed000

Marking Bits (Prev, Next): (CMBitMap*) 0x0000023eaf338f00, (CMBitMap*) 0x0000023eaf338f40
 Prev Bits: [0x0000023ec7ea0000, 0x0000023ecbc08000)
 Next Bits: [0x0000023ecbc10000, 0x0000023ecf978000)

Polling page: 0x0000023ead260000

Metaspace:

Usage:
  Non-class:      3.10 MB used.
      Class:    332.79 KB used.
       Both:      3.43 MB used.

Virtual space:
  Non-class space:       64.00 MB reserved,       3.19 MB (  5%) committed,  1 nodes.
      Class space:        1.00 GB reserved,     384.00 KB ( <1%) committed,  1 nodes.
             Both:        1.06 GB reserved,       3.56 MB ( <1%) committed. 

Chunk freelists:
   Non-Class:  3.91 MB
       Class:  3.57 MB
        Both:  7.48 MB

MaxMetaspaceSize: unlimited
CompressedClassSpaceSize: 1.00 GB
Initial GC threshold: 21.00 MB
Current GC threshold: 21.00 MB
CDS: on
MetaspaceReclaimPolicy: balanced
 - commit_granule_bytes: 65536.
 - commit_granule_words: 8192.
 - virtual_space_node_default_size: 8388608.
 - enlarge_chunks_in_place: 1.
 - new_chunks_are_fully_committed: 0.
 - uncommit_free_chunks: 1.
 - use_allocation_guard: 0.


Internal statistics:

num_allocs_failed_limit: 0.
num_arena_births: 96.
num_arena_deaths: 0.
num_vsnodes_births: 2.
num_vsnodes_deaths: 0.
num_space_committed: 57.
num_space_uncommitted: 0.
num_chunks_returned_to_freelist: 0.
num_chunks_taken_from_freelist: 98.
num_chunk_merges: 0.
num_chunk_splits: 70.
num_chunks_enlarged: 46.
num_inconsistent_stats: 0.

CodeHeap 'non-profiled nmethods': size=120000Kb used=137Kb max_used=137Kb free=119862Kb
 bounds [0x0000023ebed00000, 0x0000023ebef70000, 0x0000023ec6230000]
CodeHeap 'profiled nmethods': size=120000Kb used=532Kb max_used=532Kb free=119467Kb
 bounds [0x0000023eb7230000, 0x0000023eb74a0000, 0x0000023ebe760000]
CodeHeap 'non-nmethods': size=5760Kb used=1275Kb max_used=1286Kb free=4484Kb
 bounds [0x0000023ebe760000, 0x0000023ebe9d0000, 0x0000023ebed00000]
 total_blobs=917 nmethods=422 adapters=406
 compilation: enabled
              stopped_count=0, restarted_count=0
 full_count=0

Compilation events (20 events):
Event: 0.782 Thread 0x0000023ed2612c00 nmethod 413 0x0000023eb72aef90 code [0x0000023eb72af120, 0x0000023eb72af238]
Event: 0.782 Thread 0x0000023ed2612c00  417       3       java.lang.StringLatin1::compareTo (52 bytes)
Event: 0.782 Thread 0x0000023ed25f1ae0 nmethod 416 0x0000023ebed22110 code [0x0000023ebed22280, 0x0000023ebed222f8]
Event: 0.782 Thread 0x0000023ed2612c00 nmethod 417 0x0000023eb72af310 code [0x0000023eb72af4e0, 0x0000023eb72af8b8]
Event: 0.782 Thread 0x0000023ed2612c00  414       3       java.lang.String::compareTo (9 bytes)
Event: 0.782 Thread 0x0000023ed2612c00 nmethod 414 0x0000023eb72afa90 code [0x0000023eb72afc40, 0x0000023eb72afe68]
Event: 0.782 Thread 0x0000023ed2612c00  415       3       java.lang.String::compareTo (63 bytes)
Event: 0.783 Thread 0x0000023ed2612c00 nmethod 415 0x0000023eb72aff10 code [0x0000023eb72b0120, 0x0000023eb72b05b8]
Event: 0.783 Thread 0x0000023ed2612c00  418       3       java.lang.StringLatin1::compareTo (14 bytes)
Event: 0.783 Thread 0x0000023ed2612c00 nmethod 418 0x0000023eb72b0790 code [0x0000023eb72b0940, 0x0000023eb72b0a68]
Event: 0.783 Thread 0x0000023ed2612c00  419       1       java.util.concurrent.atomic.AtomicInteger::get (5 bytes)
Event: 0.783 Thread 0x0000023ed2612c00 nmethod 419 0x0000023ebed22410 code [0x0000023ebed225a0, 0x0000023ebed22658]
Event: 0.783 Thread 0x0000023ed2612c00  420       3       java.util.IdentityHashMap$IdentityHashMapIterator::hasNext (50 bytes)
Event: 0.783 Thread 0x0000023ed2612c00 nmethod 420 0x0000023eb72b0b90 code [0x0000023eb72b0d40, 0x0000023eb72b0f98]
Event: 0.785 Thread 0x0000023ed2612c00  421       3       java.lang.invoke.MemberName::checkForTypeAlias (172 bytes)
Event: 0.787 Thread 0x0000023ed2612c00 nmethod 421 0x0000023eb72b1090 code [0x0000023eb72b14e0, 0x0000023eb72b3258]
Event: 0.787 Thread 0x0000023ed2612c00  423       3       java.util.ArrayList$Itr::hasNext (20 bytes)
Event: 0.787 Thread 0x0000023ed2612c00 nmethod 423 0x0000023eb72b3b10 code [0x0000023eb72b3ca0, 0x0000023eb72b3e18]
Event: 0.787 Thread 0x0000023ed2612c00  422       3       java.lang.invoke.InvokerBytecodeGenerator::emitPushArgument (150 bytes)
Event: 0.788 Thread 0x0000023ed2612c00 nmethod 422 0x0000023eb72b3f10 code [0x0000023eb72b41e0, 0x0000023eb72b4fc8]

GC Heap History (0 events):
No events

Dll operation events (7 events):
Event: 0.012 Loaded shared library C:\Program Files\Java\jdk-19\bin\java.dll
Event: 0.467 Loaded shared library C:\Program Files\Java\jdk-19\bin\jsvml.dll
Event: 0.537 Loaded shared library C:\Program Files\Java\jdk-19\bin\net.dll
Event: 0.540 Loaded shared library C:\Program Files\Java\jdk-19\bin\nio.dll
Event: 0.574 Loaded shared library C:\Program Files\Java\jdk-19\bin\zip.dll
Event: 0.590 Loaded shared library C:\Program Files\Java\jdk-19\bin\jimage.dll
Event: 0.609 Loaded shared library C:\Program Files\Java\jdk-19\bin\awt.dll

Deoptimization events (4 events):
Event: 0.783 Thread 0x0000023eaf2c78a0 Uncommon trap: trap_request=0xffffff45 fr.pc=0x0000023ebed10480 relative=0x0000000000000b60
Event: 0.783 Thread 0x0000023eaf2c78a0 Uncommon trap: reason=unstable_if action=reinterpret pc=0x0000023ebed10480 method=java.util.HashMap.putVal(ILjava/lang/Object;Ljava/lang/Object;ZZ)Ljava/lang/Object; @ 81 c2
Event: 0.783 Thread 0x0000023eaf2c78a0 DEOPT PACKING pc=0x0000023ebed10480 sp=0x0000008d174fe5e0
Event: 0.783 Thread 0x0000023eaf2c78a0 DEOPT UNPACKING pc=0x0000023ebe7c6da3 sp=0x0000008d174fe590 mode 2

Classes loaded (20 events):
Event: 0.784 Loading class java/awt/font/FontRenderContext
Event: 0.784 Loading class java/awt/font/FontRenderContext done
Event: 0.784 Loading class sun/swing/StringUIClientPropertyKey
Event: 0.785 Loading class javax/swing/UIClientPropertyKey
Event: 0.785 Loading class javax/swing/UIClientPropertyKey done
Event: 0.785 Loading class sun/swing/StringUIClientPropertyKey done
Event: 0.785 Loading class sun/swing/SwingUtilities2$LSBCacheEntry
Event: 0.785 Loading class sun/swing/SwingUtilities2$LSBCacheEntry done
Event: 0.785 Loading class javax/swing/UIManager$LAFState
Event: 0.785 Loading class javax/swing/UIManager$LAFState done
Event: 0.785 Loading class javax/swing/UIDefaults
Event: 0.785 Loading class javax/swing/UIDefaults done
Event: 0.785 Loading class javax/swing/MultiUIDefaults
Event: 0.785 Loading class javax/swing/MultiUIDefaults done
Event: 0.785 Loading class sun/swing/SwingAccessor$UIDefaultsAccessor
Event: 0.785 Loading class sun/swing/SwingAccessor$UIDefaultsAccessor done
Event: 0.786 Loading class javax/swing/UIManager$1
Event: 0.786 Loading class javax/swing/UIManager$1 done
Event: 0.787 Loading class javax/swing/plaf/metal/MetalLookAndFeel
Event: 0.788 Loading class javax/swing/plaf/basic/BasicLookAndFeel

Classes unloaded (0 events):
No events

Classes redefined (0 events):
No events

Internal exceptions (9 events):
Event: 0.542 Thread 0x0000023eaf2c78a0 Exception <a 'sun/nio/fs/WindowsException'{0x0000000719b9c7a0}> (0x0000000719b9c7a0) 
thrown [s\open\src\hotspot\share\prims\jni.cpp, line 517]
Event: 0.542 Thread 0x0000023eaf2c78a0 Exception <a 'sun/nio/fs/WindowsException'{0x0000000719b9cd60}> (0x0000000719b9cd60) 
thrown [s\open\src\hotspot\share\prims\jni.cpp, line 517]
Event: 0.545 Thread 0x0000023eaf2c78a0 Exception <a 'sun/nio/fs/WindowsException'{0x0000000719b9f380}> (0x0000000719b9f380) 
thrown [s\open\src\hotspot\share\prims\jni.cpp, line 517]
Event: 0.545 Thread 0x0000023eaf2c78a0 Exception <a 'sun/nio/fs/WindowsException'{0x0000000719b9ff10}> (0x0000000719b9ff10) 
thrown [s\open\src\hotspot\share\prims\jni.cpp, line 517]
Event: 0.596 Thread 0x0000023eaf2c78a0 Exception <a 'java/lang/ClassNotFoundException'{0x000000071990ed08}: sun/awt/resources/spi/awtProvider> (0x000000071990ed08) 
thrown [s\open\src\hotspot\share\classfile\systemDictionary.cpp, line 255]
Event: 0.623 Thread 0x0000023eaf2c78a0 Exception <a 'java/io/FileNotFoundException'{0x00000007199662a8}> (0x00000007199662a8) 
thrown [s\open\src\hotspot\share\prims\jni.cpp, line 517]
Event: 0.630 Thread 0x0000023eaf2c78a0 Exception <a 'java/io/FileNotFoundException'{0x00000007199929f8}> (0x00000007199929f8) 
thrown [s\open\src\hotspot\share\prims\jni.cpp, line 517]
Event: 0.681 Thread 0x0000023eaf2c78a0 Exception <a 'java/lang/NoSuchMethodError'{0x00000007199d7518}: 'java.lang.Object java.lang.invoke.DirectMethodHandle$Holder.invokeStaticInit(java.lang.Object)'> (0x00000007199d7518) 
thrown [s\open\src\hotspot\share\interpreter\linkResolver.cpp, line 774]
Event: 0.785 Thread 0x0000023eaf2c78a0 Exception <a 'java/lang/NoSuchMethodError'{0x000000071970e058}: 'void java.lang.invoke.DirectMethodHandle$Holder.invokeSpecial(java.lang.Object, java.lang.Object, java.lang.Object)'> (0x000000071970e058) 
thrown [s\open\src\hotspot\share\interpreter\linkResolver.cpp, line 774]

VM Operations (4 events):
Event: 0.546 Executing VM operation: HandshakeAllThreads
Event: 0.546 Executing VM operation: HandshakeAllThreads done
Event: 0.639 Executing VM operation: HandshakeAllThreads
Event: 0.639 Executing VM operation: HandshakeAllThreads done

Events (17 events):
Event: 0.467 Thread 0x0000023eaf2c78a0 Thread added: 0x0000023eaf2c78a0
Event: 0.488 Thread 0x0000023ed25d59c0 Thread added: 0x0000023ed25d59c0
Event: 0.488 Thread 0x0000023ed25d6490 Thread added: 0x0000023ed25d6490
Event: 0.489 Thread 0x0000023ed25de230 Thread added: 0x0000023ed25de230
Event: 0.489 Thread 0x0000023ed25deb60 Thread added: 0x0000023ed25deb60
Event: 0.489 Thread 0x0000023ed25e1de0 Thread added: 0x0000023ed25e1de0
Event: 0.489 Thread 0x0000023ed25e3ec0 Thread added: 0x0000023ed25e3ec0
Event: 0.489 Thread 0x0000023ed25f1ae0 Thread added: 0x0000023ed25f1ae0
Event: 0.489 Thread 0x0000023ed2612c00 Thread added: 0x0000023ed2612c00
Event: 0.489 Thread 0x0000023ed25e6a10 Thread added: 0x0000023ed25e6a10
Event: 0.520 Thread 0x0000023ed68dac20 Thread added: 0x0000023ed68dac20
Event: 0.563 Thread 0x0000023ed695fd00 Thread added: 0x0000023ed695fd00
Event: 0.572 Thread 0x0000023eaf2c8430 Thread added: 0x0000023eaf2c8430
Event: 0.682 Thread 0x0000023ed6b579e0 Thread added: 0x0000023ed6b579e0
Event: 0.683 Thread 0x0000023ed6b5b1f0 Thread added: 0x0000023ed6b5b1f0
Event: 0.685 Thread 0x0000023ed6b5e600 Thread added: 0x0000023ed6b5e600
Event: 0.769 Thread 0x0000023eaf2c8430 Thread exited: 0x0000023eaf2c8430


Dynamic libraries:
0x00007ff6020f0000 - 0x00007ff602100000 	C:\Program Files\Java\jdk-19\bin\java.exe
0x00007ffe62550000 - 0x00007ffe62764000 	C:\WINDOWS\SYSTEM32\ntdll.dll
0x00007ffe61f60000 - 0x00007ffe62023000 	C:\WINDOWS\System32\KERNEL32.DLL
0x00007ffe5f990000 - 0x00007ffe5fd2c000 	C:\WINDOWS\System32\KERNELBASE.dll
0x00007ffe60240000 - 0x00007ffe60351000 	C:\WINDOWS\System32\ucrtbase.dll
0x00007ffe5a5b0000 - 0x00007ffe5a5cb000 	C:\Program Files\Java\jdk-19\bin\VCRUNTIME140.dll
0x00007ffe4b2b0000 - 0x00007ffe4b2c8000 	C:\Program Files\Java\jdk-19\bin\jli.dll
0x00007ffe60840000 - 0x00007ffe608ee000 	C:\WINDOWS\System32\ADVAPI32.dll
0x00007ffe61ae0000 - 0x00007ffe61b87000 	C:\WINDOWS\System32\msvcrt.dll
0x00007ffe623b0000 - 0x00007ffe62454000 	C:\WINDOWS\System32\sechost.dll
0x00007ffe60720000 - 0x00007ffe60835000 	C:\WINDOWS\System32\RPCRT4.dll
0x00007ffe61ca0000 - 0x00007ffe61e4d000 	C:\WINDOWS\System32\USER32.dll
0x00007ffe5fd30000 - 0x00007ffe5fd56000 	C:\WINDOWS\System32\win32u.dll
0x00007ffe624e0000 - 0x00007ffe62509000 	C:\WINDOWS\System32\GDI32.dll
0x00007ffe440c0000 - 0x00007ffe4434e000 	C:\WINDOWS\WinSxS\amd64_microsoft.windows.common-controls_6595b64144ccf1df_6.0.22621.608_none_a9444ca7c10bb01d\COMCTL32.dll
0x00007ffe5fe70000 - 0x00007ffe5ff82000 	C:\WINDOWS\System32\gdi32full.dll
0x00007ffe5fdd0000 - 0x00007ffe5fe6a000 	C:\WINDOWS\System32\msvcp_win.dll
0x00007ffe55f50000 - 0x00007ffe55f5a000 	C:\WINDOWS\SYSTEM32\VERSION.dll
0x00007ffe621d0000 - 0x00007ffe62202000 	C:\WINDOWS\System32\IMM32.DLL
0x00007ffe5d360000 - 0x00007ffe5d36c000 	C:\Program Files\Java\jdk-19\bin\vcruntime140_1.dll
0x00007ffe462c0000 - 0x00007ffe4634e000 	C:\Program Files\Java\jdk-19\bin\msvcp140.dll
0x00007ffe10870000 - 0x00007ffe11530000 	C:\Program Files\Java\jdk-19\bin\server\jvm.dll
0x00007ffe584b0000 - 0x00007ffe584e4000 	C:\WINDOWS\SYSTEM32\WINMM.dll
0x00007ffe587c0000 - 0x00007ffe587c9000 	C:\WINDOWS\SYSTEM32\WSOCK32.dll
0x00007ffe62460000 - 0x00007ffe624d1000 	C:\WINDOWS\System32\WS2_32.dll
0x00007ffe5e9e0000 - 0x00007ffe5e9f8000 	C:\WINDOWS\SYSTEM32\kernel.appcore.dll
0x00007ffe5a620000 - 0x00007ffe5a62a000 	C:\Program Files\Java\jdk-19\bin\jimage.dll
0x00007ffe5d410000 - 0x00007ffe5d63e000 	C:\WINDOWS\SYSTEM32\DBGHELP.DLL
0x00007ffe60380000 - 0x00007ffe6070a000 	C:\WINDOWS\System32\combase.dll
0x00007ffe61270000 - 0x00007ffe61347000 	C:\WINDOWS\System32\OLEAUT32.dll
0x00007ffe43a20000 - 0x00007ffe43a52000 	C:\WINDOWS\SYSTEM32\dbgcore.DLL
0x00007ffe60100000 - 0x00007ffe6017b000 	C:\WINDOWS\System32\bcryptPrimitives.dll
0x00007ffe575b0000 - 0x00007ffe575d6000 	C:\Program Files\Java\jdk-19\bin\java.dll
0x00007ffe467d0000 - 0x00007ffe468a7000 	C:\Program Files\Java\jdk-19\bin\jsvml.dll
0x00007ffe609f0000 - 0x00007ffe611df000 	C:\WINDOWS\System32\SHELL32.dll
0x00007ffe5d9b0000 - 0x00007ffe5e278000 	C:\WINDOWS\SYSTEM32\windows.storage.dll
0x00007ffe5d870000 - 0x00007ffe5d9ae000 	C:\WINDOWS\SYSTEM32\wintypes.dll
0x00007ffe61990000 - 0x00007ffe61a81000 	C:\WINDOWS\System32\SHCORE.dll
0x00007ffe61f00000 - 0x00007ffe61f5e000 	C:\WINDOWS\System32\shlwapi.dll
0x00007ffe5f8c0000 - 0x00007ffe5f8e1000 	C:\WINDOWS\SYSTEM32\profapi.dll
0x00007ffe5a590000 - 0x00007ffe5a5a3000 	C:\Program Files\Java\jdk-19\bin\net.dll
0x00007ffe598d0000 - 0x00007ffe599ff000 	C:\WINDOWS\SYSTEM32\WINHTTP.dll
0x00007ffe5ee50000 - 0x00007ffe5eeb9000 	C:\WINDOWS\system32\mswsock.dll
0x00007ffe587d0000 - 0x00007ffe587e6000 	C:\Program Files\Java\jdk-19\bin\nio.dll
0x00007ffe57160000 - 0x00007ffe57178000 	C:\Program Files\Java\jdk-19\bin\zip.dll
0x00007ffe1f630000 - 0x00007ffe1f7c1000 	C:\Program Files\Java\jdk-19\bin\awt.dll
0x00007ffe5caa0000 - 0x00007ffe5cb37000 	C:\WINDOWS\SYSTEM32\apphelp.dll
0x00007ffe5cec0000 - 0x00007ffe5ceeb000 	C:\WINDOWS\system32\DWMAPI.DLL
0x00007ffe5cc60000 - 0x00007ffe5cd0b000 	C:\WINDOWS\system32\uxtheme.dll
0x00007ffe25c70000 - 0x00007ffe25d70000 	C:\WINDOWS\system32\opengl32.dll
0x00007ffe46aa0000 - 0x00007ffe46acd000 	C:\WINDOWS\SYSTEM32\GLU32.dll
0x00007ffe5cd50000 - 0x00007ffe5cd86000 	C:\WINDOWS\SYSTEM32\dxcore.dll
0x00007ffe62290000 - 0x00007ffe623ae000 	C:\WINDOWS\System32\MSCTF.dll
0x00007ffe62030000 - 0x00007ffe621cc000 	C:\WINDOWS\System32\ole32.dll
0x00007ffe267a0000 - 0x00007ffe26949000 	C:\WINDOWS\system32\d3d9.dll
0x00007ffe55c50000 - 0x00007ffe55e2b000 	C:\WINDOWS\System32\DriverStore\FileRepository\u0373062.inf_amd64_83580168138c42df\B373032\aticfx64.dll
0x00007ffe4a700000 - 0x00007ffe4a733000 	C:\WINDOWS\System32\DriverStore\FileRepository\u0373062.inf_amd64_83580168138c42df\B373032\atiu9p64.dll
0x00007ffe0f030000 - 0x00007ffe0fd8a000 	C:\WINDOWS\System32\DriverStore\FileRepository\u0373062.inf_amd64_83580168138c42df\B373032\atiumd64.dll
0x00007ffe56030000 - 0x00007ffe56060000 	C:\WINDOWS\SYSTEM32\amdihk64.dll
0x00007ffe591a0000 - 0x00007ffe591e9000 	C:\WINDOWS\SYSTEM32\directxdatabasehelper.dll

dbghelp: loaded successfully - version: 4.0.5 - missing functions: none
symbol engine: initialized successfully - sym options: 0x614 - pdb path: .;C:\Program Files\Java\jdk-19\bin;C:\WINDOWS\SYSTEM32;C:\WINDOWS\WinSxS\amd64_microsoft.windows.common-controls_6595b64144ccf1df_6.0.22621.608_none_a9444ca7c10bb01d;C:\Program Files\Java\jdk-19\bin\server;C:\WINDOWS\System32\DriverStore\FileRepository\u0373062.inf_amd64_83580168138c42df\B373032

VM Arguments:
jvm_args: -Dfile.encoding=UTF-8 --module-path=C:\Users\sangy\OneDrive\Documents\NetBeansProjects\Library Management System\build\classes 
java_command: library.management.system.AddStudent
java_class_path (initial): C:\Users\sangy\Downloads;C:\Users\sangy\Downloads\mysql-connector-java-8.0.28.jar;C:\Users\sangy\OneDrive\Documents\NetBeansProjects\Library Management System\build\classes
Launcher Type: SUN_STANDARD

[Global flags]
     intx CICompilerCount                          = 4                                         {product} {ergonomic}
     uint ConcGCThreads                            = 3                                         {product} {ergonomic}
     uint G1ConcRefinementThreads                  = 10                                        {product} {ergonomic}
   size_t G1HeapRegionSize                         = 2097152                                   {product} {ergonomic}
    uintx GCDrainStackTargetSize                   = 64                                        {product} {ergonomic}
   size_t InitialHeapSize                          = 257949696                                 {product} {ergonomic}
   size_t MarkStackSize                            = 4194304                                   {product} {ergonomic}
   size_t MaxHeapSize                              = 4120903680                                {product} {ergonomic}
   size_t MaxNewSize                               = 2472542208                                {product} {ergonomic}
   size_t MinHeapDeltaBytes                        = 2097152                                   {product} {ergonomic}
   size_t MinHeapSize                              = 8388608                                   {product} {ergonomic}
    uintx NonNMethodCodeHeapSize                   = 5839372                                {pd product} {ergonomic}
    uintx NonProfiledCodeHeapSize                  = 122909434                              {pd product} {ergonomic}
    uintx ProfiledCodeHeapSize                     = 122909434                              {pd product} {ergonomic}
    uintx ReservedCodeCacheSize                    = 251658240                              {pd product} {ergonomic}
     bool SegmentedCodeCache                       = true                                      {product} {ergonomic}
   size_t SoftMaxHeapSize                          = 4120903680                             {manageable} {ergonomic}
     bool UseCompressedClassPointers               = true                           {product lp64_product} {ergonomic}
     bool UseCompressedOops                        = true                           {product lp64_product} {ergonomic}
     bool UseG1GC                                  = true                                      {product} {ergonomic}
     bool UseLargePagesIndividualAllocation        = false                                  {pd product} {ergonomic}

Logging:
Log output configuration:
 #0: stdout all=warning uptime,level,tags foldmultilines=false
 #1: stderr all=off uptime,level,tags foldmultilines=false

Environment Variables:
PATH=C:\app\sangy\product\18.0.0\dbhomeXE\bin;C:\Program Files\Common Files\Oracle\Java\javapath;C:\Program Files (x86)\Common Files\Oracle\Java\javapath;C:\WINDOWS\system32;C:\WINDOWS;C:\WINDOWS\System32\Wbem;C:\WINDOWS\System32\WindowsPowerShell\v1.0\;C:\WINDOWS\System32\OpenSSH\;C:\mingw-w64\mingw32\bin;C:\Program Files\nodejs\;C:\Users\sangy\AppData\Local\Programs\Python\Python310\Scripts\;C:\Users\sangy\AppData\Local\Programs\Python\Python310\;C:\Users\sangy\AppData\Local\Microsoft\WindowsApps;C:\Users\sangy\AppData\Roaming\npm;C:\Users\sangy\AppData\Local\Programs\Microsoft VS Code\bin
USERNAME=sangy
OS=Windows_NT
PROCESSOR_IDENTIFIER=AMD64 Family 25 Model 80 Stepping 0, AuthenticAMD
TMP=C:\Users\sangy\AppData\Local\Temp
TEMP=C:\Users\sangy\AppData\Local\Temp



---------------  S Y S T E M  ---------------

OS:
 Windows 11 , 64 bit Build 22621 (10.0.22621.1194)
OS uptime: 1 days 21:24 hours

CPU: total 12 (initial active 12) (12 cores per cpu, 2 threads per core) family 25 model 80 stepping 0 microcode 0x0, cx8, cmov, fxsr, ht, mmx, 3dnowpref, sse, sse2, sse3, ssse3, sse4a, sse4.1, sse4.2, popcnt, lzcnt, tsc, tscinvbit, avx, avx2, aes, erms, clmul, bmi1, bmi2, adx, sha, fma, vzeroupper, clflush, clflushopt, rdtscp, rdpid, fsrm

Memory: 4k page, system-wide physical 15717M (1445M free)
TotalPageFile size 64869M (AvailPageFile size 3M)
current process WorkingSet (physical memory assigned to process): 47M, peak: 47M
current process commit charge ("private bytes"): 344M, peak: 352M

vm_info: Java HotSpot(TM) 64-Bit Server VM (19.0.2+7-44) for windows-amd64 JRE (19.0.2+7-44), built on 2022-11-30T18:02:09Z by "mach5one" with MS VC++ 17.1 (VS2022)

END.
